<?xml version="1.0" encoding="UTF-8"?>
<testng-results ignored="0" total="2" passed="2" failed="0" skipped="0">
  <reporter-output>
  </reporter-output>
  <suite started-at="2021-01-20T18:19:20 IST" name="Default suite" finished-at="2021-01-20T18:19:53 IST" duration-ms="32489">
    <groups>
    </groups>
    <test started-at="2021-01-20T18:19:20 IST" name="Default test" finished-at="2021-01-20T18:19:53 IST" duration-ms="32489">
      <class name="ExcelDataProvider">
        <test-method is-config="true" signature="setUpTest()[pri:0, instance:ExcelDataProvider@10d307f1]" started-at="2021-01-20T18:19:20 IST" name="setUpTest" finished-at="2021-01-20T18:19:28 IST" duration-ms="7874" status="PASS">
          <reporter-output>
          </reporter-output>
        </test-method> <!-- setUpTest -->
        <test-method signature="test1(java.lang.String, java.lang.String)[pri:0, instance:ExcelDataProvider@10d307f1]" started-at="2021-01-20T18:19:36 IST" name="test1" data-provider="test1data" finished-at="2021-01-20T18:19:46 IST" duration-ms="9953" status="PASS">
          <params>
            <param index="0">
              <value>
                <![CDATA[poojaspatil1997@gmail.com]]>
              </value>
            </param>
            <param index="1">
              <value>
                <![CDATA[admin123]]>
              </value>
            </param>
          </params>
          <reporter-output>
          </reporter-output>
        </test-method> <!-- test1 -->
        <test-method signature="test1(java.lang.String, java.lang.String)[pri:0, instance:ExcelDataProvider@10d307f1]" started-at="2021-01-20T18:19:46 IST" name="test1" data-provider="test1data" finished-at="2021-01-20T18:19:53 IST" duration-ms="6842" status="PASS">
          <params>
            <param index="0">
              <value>
                <![CDATA[admin@gmail.com]]>
              </value>
            </param>
            <param index="1">
              <value>
                <![CDATA[admin13456]]>
              </value>
            </param>
          </params>
          <reporter-output>
          </reporter-output>
        </test-method> <!-- test1 -->
      </class> <!-- ExcelDataProvider -->
    </test> <!-- Default test -->
  </suite> <!-- Default suite -->
</testng-results>
